Using pre-set license
Built from '2020.3/staging' branch; Version is '2020.3.13f1 (71691879b7f5) revision 7432472'; Using compiler version '192528614'; Build Type 'Release'
OS: 'Windows 10 Pro; OS build 19045.2486; Version 2009; 64bit' Language: 'en' Physical Memory: 16238 MB
BatchMode: 1, IsHumanControllingUs: 0, StartBugReporterOnCrash: 0, Is64bit: 1, IsPro: 0

 COMMAND LINE ARGUMENTS:
D:\Unity\2020.3.13f1\Editor\Unity.exe
-adb2
-batchMode
-noUpm
-name
AssetImportWorker0
-projectPath
D:/GAM2003-Walking-Sim-main/GAM2003-Walking-Sim-main/Walking Sim
-logFile
Logs/AssetImportWorker0.log
-srvPort
62335
Successfully changed project path to: D:/GAM2003-Walking-Sim-main/GAM2003-Walking-Sim-main/Walking Sim
D:/GAM2003-Walking-Sim-main/GAM2003-Walking-Sim-main/Walking Sim
Using Asset Import Pipeline V2.
Refreshing native plugins compatible for Editor in 59.61 ms, found 3 plugins.
Preloading 0 native plugins for Editor in 0.00 ms.
Initialize engine version: 2020.3.13f1 (71691879b7f5)
[Subsystems] Discovering subsystems at path D:/Unity/2020.3.13f1/Editor/Data/Resources/UnitySubsystems
[Subsystems] Discovering subsystems at path D:/GAM2003-Walking-Sim-main/GAM2003-Walking-Sim-main/Walking Sim/Assets
GfxDevice: creating device client; threaded=0
Direct3D:
    Version:  Direct3D 11.0 [level 11.1]
    Renderer: NVIDIA GeForce RTX 3070 Ti (ID=0x2482)
    Vendor:   
    VRAM:     8031 MB
    Driver:   31.0.15.2824
Initialize mono
Mono path[0] = 'D:/Unity/2020.3.13f1/Editor/Data/Managed'
Mono path[1] = 'D:/Unity/2020.3.13f1/Editor/Data/MonoBleedingEdge/lib/mono/unityjit'
Mono config path = 'D:/Unity/2020.3.13f1/Editor/Data/MonoBleedingEdge/etc'
Using monoOptions --debugger-agent=transport=dt_socket,embedding=1,server=y,suspend=n,address=127.0.0.1:56104
Begin MonoManager ReloadAssembly
Registering precompiled unity dll's ...
Register platform support module: D:/Unity/2020.3.13f1/Editor/Data/PlaybackEngines/WindowsStandaloneSupport/UnityEditor.WindowsStandalone.Extensions.dll
Registered in 0.000946 seconds.
Native extension for WindowsStandalone target not found
Refreshing native plugins compatible for Editor in 60.35 ms, found 3 plugins.
Preloading 0 native plugins for Editor in 0.00 ms.
Mono: successfully reloaded assembly
- Completed reload, in  1.627 seconds
Platform modules already initialized, skipping
Registering precompiled user dll's ...
Registered in 0.002901 seconds.
Begin MonoManager ReloadAssembly
Symbol file LoadedFromMemory doesn't match image D:\GAM2003-Walking-Sim-main\GAM2003-Walking-Sim-main\Walking Sim\Library\PackageCache\com.unity.visualscripting@1.7.8\Editor\VisualScripting.Core\Dependencies\YamlDotNet\Unity.VisualScripting.YamlDotNet.dll
Symbol file LoadedFromMemory doesn't match image D:\GAM2003-Walking-Sim-main\GAM2003-Walking-Sim-main\Walking Sim\Library\PackageCache\com.unity.visualscripting@1.7.8\Editor\VisualScripting.Core\Dependencies\DotNetZip\Unity.VisualScripting.IonicZip.dll
Native extension for WindowsStandalone target not found
Refreshing native plugins compatible for Editor in 0.45 ms, found 3 plugins.
Preloading 0 native plugins for Editor in 0.00 ms.
Mono: successfully reloaded assembly
- Completed reload, in  0.982 seconds
Platform modules already initialized, skipping
========================================================================
Worker process is ready to serve import requests
Launched and connected shader compiler UnityShaderCompiler.exe after 0.03 seconds
Refreshing native plugins compatible for Editor in 0.71 ms, found 3 plugins.
Preloading 0 native plugins for Editor in 0.00 ms.
Unloading 3543 Unused Serialized files (Serialized files now loaded: 0)
System memory in use before: 125.7 MB.
System memory in use after: 125.9 MB.

Unloading 21 unused Assets to reduce memory usage. Loaded Objects now: 3976.
Total: 1.758700 ms (FindLiveObjects: 0.216500 ms CreateObjectMapping: 0.094500 ms MarkObjects: 1.353700 ms  DeleteObjects: 0.093100 ms)

AssetImportParameters requested are different than current active one (requested -> active):
  custom:framework-win-MediaFoundation: 216162199b28c13a410421893ffa2e32 -> 
  custom:video-decoder-ogg-theora: a1e56fd34408186e4bbccfd4996cb3dc -> 
  custom:container-muxer-webm: aa71ff27fc2769a1b78a27578f13a17b -> 
  custom:container-demuxer-webm: 4f35f7cbe854078d1ac9338744f61a02 -> 
  custom:container-demuxer-ogg: 62fdf1f143b41e24485cea50d1cbac27 -> 
  custom:video-encoder-webm-vp8: eb34c28f22e8b96e1ab97ce403110664 -> 
  custom:video-decoder-webm-vp8: 9c59270c3fd7afecdb556c50c9e8de78 -> 
  custom:audio-decoder-ogg-vorbis: bf7c407c2cedff20999df2af8eb42d56 -> 
  custom:audio-encoder-webm-vorbis: bf7c407c2cedff20999df2af8eb42d56 -> 
========================================================================
Received Import Request.
  path: Assets/Scenes/second maze.unity
  artifactKey: Guid(504147353067fb94084b941a53a920a9) Importer(815301076,1909f56bfc062723c751e8b465ee728b)
Start importing Assets/Scenes/second maze.unity using Guid(504147353067fb94084b941a53a920a9) Importer(815301076,1909f56bfc062723c751e8b465ee728b)  -> (artifact id: 'dda4a346e0af58816aa6aae193fb3307') in 0.011340 seconds 
  Import took 0.015939 seconds .

========================================================================
Received Prepare
Registering precompiled user dll's ...
Registered in 0.003484 seconds.
Begin MonoManager ReloadAssembly
Symbol file LoadedFromMemory doesn't match image D:\GAM2003-Walking-Sim-main\GAM2003-Walking-Sim-main\Walking Sim\Library\PackageCache\com.unity.visualscripting@1.7.8\Editor\VisualScripting.Core\Dependencies\YamlDotNet\Unity.VisualScripting.YamlDotNet.dll
Symbol file LoadedFromMemory doesn't match image D:\GAM2003-Walking-Sim-main\GAM2003-Walking-Sim-main\Walking Sim\Library\PackageCache\com.unity.visualscripting@1.7.8\Editor\VisualScripting.Core\Dependencies\DotNetZip\Unity.VisualScripting.IonicZip.dll
Native extension for WindowsStandalone target not found
Refreshing native plugins compatible for Editor in 0.43 ms, found 3 plugins.
Preloading 0 native plugins for Editor in 0.00 ms.
Mono: successfully reloaded assembly
- Completed reload, in  0.713 seconds
Platform modules already initialized, skipping
Refreshing native plugins compatible for Editor in 0.45 ms, found 3 plugins.
Preloading 0 native plugins for Editor in 0.00 ms.
Unloading 3519 Unused Serialized files (Serialized files now loaded: 0)
System memory in use before: 123.6 MB.
System memory in use after: 123.9 MB.

Unloading 16 unused Assets to reduce memory usage. Loaded Objects now: 3982.
Total: 1.498600 ms (FindLiveObjects: 0.219200 ms CreateObjectMapping: 0.106300 ms MarkObjects: 1.155900 ms  DeleteObjects: 0.016300 ms)

AssetImportParameters requested are different than current active one (requested -> active):
  custom:framework-win-MediaFoundation: 216162199b28c13a410421893ffa2e32 -> 
  custom:video-decoder-ogg-theora: a1e56fd34408186e4bbccfd4996cb3dc -> 
  custom:container-muxer-webm: aa71ff27fc2769a1b78a27578f13a17b -> 
  custom:container-demuxer-webm: 4f35f7cbe854078d1ac9338744f61a02 -> 
  custom:container-demuxer-ogg: 62fdf1f143b41e24485cea50d1cbac27 -> 
  custom:video-encoder-webm-vp8: eb34c28f22e8b96e1ab97ce403110664 -> 
  custom:video-decoder-webm-vp8: 9c59270c3fd7afecdb556c50c9e8de78 -> 
  custom:audio-decoder-ogg-vorbis: bf7c407c2cedff20999df2af8eb42d56 -> 
  custom:audio-encoder-webm-vorbis: bf7c407c2cedff20999df2af8eb42d56 -> 
========================================================================
Received Import Request.
  Time since last request: 1337.147393 seconds.
  path: Assets/PT_Physics
  artifactKey: Guid(55738a021c4868f4a81730cd73d3a225) Importer(815301076,1909f56bfc062723c751e8b465ee728b)
Start importing Assets/PT_Physics using Guid(55738a021c4868f4a81730cd73d3a225) Importer(815301076,1909f56bfc062723c751e8b465ee728b)  -> (artifact id: '2369687b075cd789df9af554d2f2c15b') in 0.004994 seconds 
  Import took 0.030529 seconds .

========================================================================
Received Import Request.
  Time since last request: 0.033269 seconds.
  path: Assets/PT_Physics/Low friction.physicMaterial
  artifactKey: Guid(e9cf67233b9e02f44b4ce7c54427e721) Importer(815301076,1909f56bfc062723c751e8b465ee728b)
Start importing Assets/PT_Physics/Low friction.physicMaterial using Guid(e9cf67233b9e02f44b4ce7c54427e721) Importer(815301076,1909f56bfc062723c751e8b465ee728b)  -> (artifact id: '7f5354a19cc332f3d8e4c846d6fec56d') in 0.028801 seconds 
  Import took 0.032476 seconds .

========================================================================
Received Import Request.
  Time since last request: 1.293286 seconds.
  path: Assets/PT_scripts
  artifactKey: Guid(f9ed2b639c3e00b439a5a70f2644745d) Importer(815301076,1909f56bfc062723c751e8b465ee728b)
Start importing Assets/PT_scripts using Guid(f9ed2b639c3e00b439a5a70f2644745d) Importer(815301076,1909f56bfc062723c751e8b465ee728b)  -> (artifact id: '5d6ac50ff2d3d010edcb91f73ea0d057') in 0.001520 seconds 
  Import took 0.021861 seconds .

========================================================================
Received Import Request.
  Time since last request: 1.752267 seconds.
  path: Assets/PT_Prefabs
  artifactKey: Guid(3a1c814b85059c346b8d89bda1d4ac72) Importer(815301076,1909f56bfc062723c751e8b465ee728b)
Start importing Assets/PT_Prefabs using Guid(3a1c814b85059c346b8d89bda1d4ac72) Importer(815301076,1909f56bfc062723c751e8b465ee728b)  -> (artifact id: 'df25c1dd73f1a9a3c0300a0dbe77ac21') in 0.001837 seconds 
  Import took 0.005923 seconds .

========================================================================
Received Import Request.
  Time since last request: 0.000293 seconds.
  path: Assets/PT_Prefabs
  artifactKey: Guid(3a1c814b85059c346b8d89bda1d4ac72) Importer(815301076,1909f56bfc062723c751e8b465ee728b)
Start importing Assets/PT_Prefabs using Guid(3a1c814b85059c346b8d89bda1d4ac72) Importer(815301076,1909f56bfc062723c751e8b465ee728b)  -> (artifact id: 'df25c1dd73f1a9a3c0300a0dbe77ac21') in 0.001139 seconds 
  Import took 0.004666 seconds .

========================================================================
Received Import Request.
  Time since last request: 0.094188 seconds.
  path: Assets/PT_Prefabs/Physics Character.prefab
  artifactKey: Guid(de4d46ebec6480849bf52fe38539e833) Importer(815301076,1909f56bfc062723c751e8b465ee728b)
Start importing Assets/PT_Prefabs/Physics Character.prefab using Guid(de4d46ebec6480849bf52fe38539e833) Importer(815301076,1909f56bfc062723c751e8b465ee728b)  -> (artifact id: 'df1478017719c4eb3f16f47c6a72a917') in 0.048768 seconds 
  Import took 0.052500 seconds .

========================================================================
Received Import Request.
  Time since last request: 0.000170 seconds.
  path: Assets/PT_Prefabs/Side Scroll Follow Camera.prefab
  artifactKey: Guid(c68dc9f2b50e0e749a486ac96fe1616c) Importer(815301076,1909f56bfc062723c751e8b465ee728b)
Start importing Assets/PT_Prefabs/Side Scroll Follow Camera.prefab using Guid(c68dc9f2b50e0e749a486ac96fe1616c) Importer(815301076,1909f56bfc062723c751e8b465ee728b)  -> (artifact id: '45d068de4c4e28c5cb49dff0c01bc631') in 0.002349 seconds 
  Import took 0.006021 seconds .

========================================================================
Received Prepare
Registering precompiled user dll's ...
Registered in 0.003254 seconds.
Begin MonoManager ReloadAssembly
Symbol file LoadedFromMemory doesn't match image D:\GAM2003-Walking-Sim-main\GAM2003-Walking-Sim-main\Walking Sim\Library\PackageCache\com.unity.visualscripting@1.7.8\Editor\VisualScripting.Core\Dependencies\YamlDotNet\Unity.VisualScripting.YamlDotNet.dll
Symbol file LoadedFromMemory doesn't match image D:\GAM2003-Walking-Sim-main\GAM2003-Walking-Sim-main\Walking Sim\Library\PackageCache\com.unity.visualscripting@1.7.8\Editor\VisualScripting.Core\Dependencies\DotNetZip\Unity.VisualScripting.IonicZip.dll
Native extension for WindowsStandalone target not found
Refreshing native plugins compatible for Editor in 0.49 ms, found 3 plugins.
Preloading 0 native plugins for Editor in 0.00 ms.
Mono: successfully reloaded assembly
- Completed reload, in  0.734 seconds
Platform modules already initialized, skipping
Refreshing native plugins compatible for Editor in 0.43 ms, found 3 plugins.
Preloading 0 native plugins for Editor in 0.00 ms.
Unloading 3519 Unused Serialized files (Serialized files now loaded: 0)
System memory in use before: 126.7 MB.
System memory in use after: 127.0 MB.

Unloading 17 unused Assets to reduce memory usage. Loaded Objects now: 3993.
Total: 1.614300 ms (FindLiveObjects: 0.197700 ms CreateObjectMapping: 0.091200 ms MarkObjects: 1.301800 ms  DeleteObjects: 0.022700 ms)

AssetImportParameters requested are different than current active one (requested -> active):
  custom:framework-win-MediaFoundation: 216162199b28c13a410421893ffa2e32 -> 
  custom:video-decoder-ogg-theora: a1e56fd34408186e4bbccfd4996cb3dc -> 
  custom:container-muxer-webm: aa71ff27fc2769a1b78a27578f13a17b -> 
  custom:container-demuxer-webm: 4f35f7cbe854078d1ac9338744f61a02 -> 
  custom:container-demuxer-ogg: 62fdf1f143b41e24485cea50d1cbac27 -> 
  custom:video-encoder-webm-vp8: eb34c28f22e8b96e1ab97ce403110664 -> 
  custom:video-decoder-webm-vp8: 9c59270c3fd7afecdb556c50c9e8de78 -> 
  custom:audio-decoder-ogg-vorbis: bf7c407c2cedff20999df2af8eb42d56 -> 
  custom:audio-encoder-webm-vorbis: bf7c407c2cedff20999df2af8eb42d56 -> 
========================================================================
Received Prepare
Registering precompiled user dll's ...
Registered in 0.003235 seconds.
Begin MonoManager ReloadAssembly
Symbol file LoadedFromMemory doesn't match image D:\GAM2003-Walking-Sim-main\GAM2003-Walking-Sim-main\Walking Sim\Library\PackageCache\com.unity.visualscripting@1.7.8\Editor\VisualScripting.Core\Dependencies\YamlDotNet\Unity.VisualScripting.YamlDotNet.dll
Symbol file LoadedFromMemory doesn't match image D:\GAM2003-Walking-Sim-main\GAM2003-Walking-Sim-main\Walking Sim\Library\PackageCache\com.unity.visualscripting@1.7.8\Editor\VisualScripting.Core\Dependencies\DotNetZip\Unity.VisualScripting.IonicZip.dll
Native extension for WindowsStandalone target not found
Refreshing native plugins compatible for Editor in 0.43 ms, found 3 plugins.
Preloading 0 native plugins for Editor in 0.00 ms.
Mono: successfully reloaded assembly
- Completed reload, in  0.751 seconds
Platform modules already initialized, skipping
Refreshing native plugins compatible for Editor in 0.40 ms, found 3 plugins.
Preloading 0 native plugins for Editor in 0.00 ms.
Unloading 3519 Unused Serialized files (Serialized files now loaded: 0)
System memory in use before: 126.8 MB.
System memory in use after: 127.0 MB.

Unloading 16 unused Assets to reduce memory usage. Loaded Objects now: 3996.
Total: 1.533500 ms (FindLiveObjects: 0.211600 ms CreateObjectMapping: 0.088100 ms MarkObjects: 1.218900 ms  DeleteObjects: 0.014100 ms)

AssetImportParameters requested are different than current active one (requested -> active):
  custom:framework-win-MediaFoundation: 216162199b28c13a410421893ffa2e32 -> 
  custom:video-decoder-ogg-theora: a1e56fd34408186e4bbccfd4996cb3dc -> 
  custom:container-muxer-webm: aa71ff27fc2769a1b78a27578f13a17b -> 
  custom:container-demuxer-webm: 4f35f7cbe854078d1ac9338744f61a02 -> 
  custom:container-demuxer-ogg: 62fdf1f143b41e24485cea50d1cbac27 -> 
  custom:video-encoder-webm-vp8: eb34c28f22e8b96e1ab97ce403110664 -> 
  custom:video-decoder-webm-vp8: 9c59270c3fd7afecdb556c50c9e8de78 -> 
  custom:audio-decoder-ogg-vorbis: bf7c407c2cedff20999df2af8eb42d56 -> 
  custom:audio-encoder-webm-vorbis: bf7c407c2cedff20999df2af8eb42d56 -> 
AssetImportWorkerClient::OnTransportError - code=2 error=End of file
